0 info it worked if it ends with ok
1 verbose cli [ 'node', '/usr/local/bin/npm', 'install', 'node-cron', '--save' ]
2 info using npm@2.11.3
3 info using node@v0.12.2
4 verbose node symlink /usr/local/bin/node
5 verbose install initial load of /Users/Colin/proj4/package.json
6 verbose installManyTop reading scoped package data from /Users/Colin/proj4/node_modules/async/package.json
7 verbose installManyTop reading scoped package data from /Users/Colin/proj4/node_modules/body-parser/package.json
8 verbose installManyTop reading scoped package data from /Users/Colin/proj4/node_modules/composable-middleware/package.json
9 verbose installManyTop reading scoped package data from /Users/Colin/proj4/node_modules/compression/package.json
10 verbose installManyTop reading scoped package data from /Users/Colin/proj4/node_modules/connect-livereload/package.json
11 verbose installManyTop reading scoped package data from /Users/Colin/proj4/node_modules/connect-mongo/package.json
12 verbose installManyTop reading scoped package data from /Users/Colin/proj4/node_modules/cookie-parser/package.json
13 verbose installManyTop reading scoped package data from /Users/Colin/proj4/node_modules/diskdb/package.json
14 verbose installManyTop reading scoped package data from /Users/Colin/proj4/node_modules/ejs/package.json
15 verbose installManyTop reading scoped package data from /Users/Colin/proj4/node_modules/errorhandler/package.json
16 verbose installManyTop reading scoped package data from /Users/Colin/proj4/node_modules/express/package.json
17 verbose installManyTop reading scoped package data from /Users/Colin/proj4/node_modules/express-jwt/package.json
18 verbose installManyTop reading scoped package data from /Users/Colin/proj4/node_modules/express-session/package.json
19 verbose installManyTop reading scoped package data from /Users/Colin/proj4/node_modules/grunt/package.json
20 verbose installManyTop reading scoped package data from /Users/Colin/proj4/node_modules/grunt-angular-templates/package.json
21 verbose installManyTop reading scoped package data from /Users/Colin/proj4/node_modules/grunt-asset-injector/package.json
22 verbose installManyTop reading scoped package data from /Users/Colin/proj4/node_modules/grunt-autoprefixer/package.json
23 verbose installManyTop reading scoped package data from /Users/Colin/proj4/node_modules/grunt-build-control/package.json
24 verbose installManyTop reading scoped package data from /Users/Colin/proj4/node_modules/grunt-concurrent/package.json
25 verbose installManyTop reading scoped package data from /Users/Colin/proj4/node_modules/grunt-contrib-clean/package.json
26 verbose installManyTop reading scoped package data from /Users/Colin/proj4/node_modules/grunt-contrib-concat/package.json
27 verbose installManyTop reading scoped package data from /Users/Colin/proj4/node_modules/grunt-contrib-copy/package.json
28 verbose installManyTop reading scoped package data from /Users/Colin/proj4/node_modules/grunt-contrib-cssmin/package.json
29 verbose installManyTop reading scoped package data from /Users/Colin/proj4/node_modules/grunt-contrib-htmlmin/package.json
30 verbose installManyTop reading scoped package data from /Users/Colin/proj4/node_modules/grunt-contrib-imagemin/package.json
31 verbose installManyTop reading scoped package data from /Users/Colin/proj4/node_modules/grunt-contrib-jshint/package.json
32 verbose installManyTop reading scoped package data from /Users/Colin/proj4/node_modules/grunt-contrib-sass/package.json
33 verbose installManyTop reading scoped package data from /Users/Colin/proj4/node_modules/grunt-contrib-uglify/package.json
34 verbose installManyTop reading scoped package data from /Users/Colin/proj4/node_modules/grunt-contrib-watch/package.json
35 verbose installManyTop reading scoped package data from /Users/Colin/proj4/node_modules/grunt-dom-munger/package.json
36 verbose installManyTop reading scoped package data from /Users/Colin/proj4/node_modules/grunt-env/package.json
37 verbose installManyTop reading scoped package data from /Users/Colin/proj4/node_modules/grunt-express-server/package.json
38 verbose installManyTop reading scoped package data from /Users/Colin/proj4/node_modules/grunt-google-cdn/package.json
39 verbose installManyTop reading scoped package data from /Users/Colin/proj4/node_modules/grunt-karma/package.json
40 verbose installManyTop reading scoped package data from /Users/Colin/proj4/node_modules/grunt-mocha-test/package.json
41 verbose installManyTop reading scoped package data from /Users/Colin/proj4/node_modules/grunt-newer/package.json
42 verbose installManyTop reading scoped package data from /Users/Colin/proj4/node_modules/grunt-ng-annotate/package.json
43 verbose installManyTop reading scoped package data from /Users/Colin/proj4/node_modules/grunt-node-inspector/package.json
44 verbose installManyTop reading scoped package data from /Users/Colin/proj4/node_modules/grunt-nodemon/package.json
45 verbose installManyTop reading scoped package data from /Users/Colin/proj4/node_modules/grunt-open/package.json
46 verbose installManyTop reading scoped package data from /Users/Colin/proj4/node_modules/grunt-protractor-runner/package.json
47 verbose installManyTop reading scoped package data from /Users/Colin/proj4/node_modules/grunt-rev/package.json
48 verbose installManyTop reading scoped package data from /Users/Colin/proj4/node_modules/grunt-svgmin/package.json
49 verbose installManyTop reading scoped package data from /Users/Colin/proj4/node_modules/grunt-usemin/package.json
50 verbose installManyTop reading scoped package data from /Users/Colin/proj4/node_modules/grunt-wiredep/package.json
51 verbose installManyTop reading scoped package data from /Users/Colin/proj4/node_modules/jit-grunt/package.json
52 verbose installManyTop reading scoped package data from /Users/Colin/proj4/node_modules/jshint-stylish/package.json
53 verbose installManyTop reading scoped package data from /Users/Colin/proj4/node_modules/jsonwebtoken/package.json
54 verbose installManyTop reading scoped package data from /Users/Colin/proj4/node_modules/karma/package.json
55 verbose installManyTop reading scoped package data from /Users/Colin/proj4/node_modules/karma-chrome-launcher/package.json
56 verbose installManyTop reading scoped package data from /Users/Colin/proj4/node_modules/karma-coffee-preprocessor/package.json
57 verbose installManyTop reading scoped package data from /Users/Colin/proj4/node_modules/karma-firefox-launcher/package.json
58 verbose installManyTop reading scoped package data from /Users/Colin/proj4/node_modules/karma-html2js-preprocessor/package.json
59 verbose installManyTop reading scoped package data from /Users/Colin/proj4/node_modules/karma-jade-preprocessor/package.json
60 verbose installManyTop reading scoped package data from /Users/Colin/proj4/node_modules/karma-jasmine/package.json
61 verbose installManyTop reading scoped package data from /Users/Colin/proj4/node_modules/karma-ng-html2js-preprocessor/package.json
62 verbose installManyTop reading scoped package data from /Users/Colin/proj4/node_modules/karma-ng-jade2js-preprocessor/package.json
63 verbose installManyTop reading scoped package data from /Users/Colin/proj4/node_modules/karma-ng-scenario/package.json
64 verbose installManyTop reading scoped package data from /Users/Colin/proj4/node_modules/karma-phantomjs-launcher/package.json
65 verbose installManyTop reading scoped package data from /Users/Colin/proj4/node_modules/karma-requirejs/package.json
66 verbose installManyTop reading scoped package data from /Users/Colin/proj4/node_modules/karma-script-launcher/package.json
67 verbose installManyTop reading scoped package data from /Users/Colin/proj4/node_modules/lodash/package.json
68 verbose installManyTop reading scoped package data from /Users/Colin/proj4/node_modules/method-override/package.json
69 verbose installManyTop reading scoped package data from /Users/Colin/proj4/node_modules/mongoose/package.json
70 verbose installManyTop reading scoped package data from /Users/Colin/proj4/node_modules/mongoose-deep-populate/package.json
71 verbose installManyTop reading scoped package data from /Users/Colin/proj4/node_modules/morgan/package.json
72 verbose installManyTop reading scoped package data from /Users/Colin/proj4/node_modules/open/package.json
73 verbose installManyTop reading scoped package data from /Users/Colin/proj4/node_modules/passport/package.json
74 verbose installManyTop reading scoped package data from /Users/Colin/proj4/node_modules/passport-local/package.json
75 verbose installManyTop reading scoped package data from /Users/Colin/proj4/node_modules/passport-twitter/package.json
76 verbose installManyTop reading scoped package data from /Users/Colin/proj4/node_modules/requirejs/package.json
77 verbose installManyTop reading scoped package data from /Users/Colin/proj4/node_modules/sentiment/package.json
78 verbose installManyTop reading scoped package data from /Users/Colin/proj4/node_modules/serve-favicon/package.json
79 verbose installManyTop reading scoped package data from /Users/Colin/proj4/node_modules/should/package.json
80 verbose installManyTop reading scoped package data from /Users/Colin/proj4/node_modules/socket.io/package.json
81 verbose installManyTop reading scoped package data from /Users/Colin/proj4/node_modules/socket.io-client/package.json
82 verbose installManyTop reading scoped package data from /Users/Colin/proj4/node_modules/socketio-jwt/package.json
83 verbose installManyTop reading scoped package data from /Users/Colin/proj4/node_modules/supertest/package.json
84 verbose installManyTop reading scoped package data from /Users/Colin/proj4/node_modules/time-grunt/package.json
85 verbose installManyTop reading scoped package data from /Users/Colin/proj4/node_modules/twit/package.json
86 verbose installManyTop reading scoped package data from /Users/Colin/proj4/node_modules/yahoo-finance/package.json
87 info package.json composable-middleware@0.3.0 No license field.
88 info package.json connect-livereload@0.4.1 No license field.
89 info package.json connect-mongo@0.4.2 No license field.
90 info package.json cookie-parser@1.0.1 No license field.
91 info package.json ejs@0.8.8 No license field.
92 info package.json express-jwt@0.1.4 No license field.
93 info package.json grunt@0.4.5 No license field.
94 info package.json grunt-concurrent@0.5.0 No license field.
95 info package.json grunt-angular-templates@0.5.7 No license field.
96 info package.json grunt-contrib-clean@0.5.0 No license field.
97 info package.json grunt-asset-injector@0.1.0 No license field.
98 info package.json grunt-contrib-concat@0.4.0 No license field.
99 info package.json grunt-build-control@0.1.3 No license field.
100 info package.json grunt-contrib-imagemin@0.7.2 No license field.
101 info package.json grunt-contrib-sass@0.7.4 No license field.
102 info package.json grunt-contrib-htmlmin@0.2.0 No license field.
103 info package.json grunt-contrib-cssmin@0.9.0 No license field.
104 info package.json grunt-contrib-copy@0.5.0 No license field.
105 info package.json grunt-contrib-uglify@0.4.1 No license field.
106 info package.json grunt-contrib-watch@0.6.1 No license field.
107 info package.json grunt-dom-munger@3.4.0 No license field.
108 info package.json grunt-contrib-jshint@0.10.0 No license field.
109 info package.json grunt-env@0.4.4 No license field.
110 info package.json grunt-express-server@0.4.19 No license field.
111 info package.json grunt-google-cdn@0.4.3 license should be a valid SPDX license expression
112 info package.json grunt-ng-annotate@0.2.3 No license field.
113 info package.json grunt-mocha-test@0.10.2 No license field.
114 info package.json grunt-newer@0.7.0 No license field.
115 info package.json grunt-protractor-runner@1.2.1 No license field.
116 info package.json grunt-usemin@2.1.1 license should be a valid SPDX license expression
117 info package.json grunt-wiredep@1.8.0 No license field.
118 info package.json grunt-rev@0.1.0 No license field.
119 info package.json grunt-svgmin@0.4.0 No license field.
120 info package.json grunt-open@0.2.3 No license field.
121 info package.json mongoose@3.8.31 No license field.
122 info package.json passport-local@0.1.6 No license field.
123 info package.json passport-twitter@1.0.3 No license field.
124 info package.json socket.io@1.3.5 No license field.
125 info package.json requirejs@2.1.18 No license field.
126 info package.json should@3.3.2 No license field.
127 info package.json sentiment@1.0.2 No license field.
128 info package.json twit@2.1.0 No license field.
129 verbose readDependencies loading dependencies from /Users/Colin/proj4/package.json
130 silly cache add args [ 'node-cron', null ]
131 verbose cache add spec node-cron
132 silly cache add parsed spec { raw: 'node-cron',
132 silly cache add   scope: null,
132 silly cache add   name: 'node-cron',
132 silly cache add   rawSpec: '',
132 silly cache add   spec: '*',
132 silly cache add   type: 'range' }
133 silly addNamed node-cron@*
134 verbose addNamed "*" is a valid semver range for node-cron
135 silly addNameRange { name: 'node-cron', range: '*', hasData: false }
136 silly mapToRegistry name node-cron
137 silly mapToRegistry using default registry
138 silly mapToRegistry registry https://registry.npmjs.org/
139 silly mapToRegistry uri https://registry.npmjs.org/node-cron
140 verbose addNameRange registry:https://registry.npmjs.org/node-cron not in flight; fetching
141 verbose request uri https://registry.npmjs.org/node-cron
142 verbose request no auth needed
143 info attempt registry request try #1 at 13:28:02
144 verbose request id 30d2ca60071ae871
145 http request GET https://registry.npmjs.org/node-cron
146 http 404 https://registry.npmjs.org/node-cron
147 verbose headers { server: 'CouchDB/1.5.0 (Erlang OTP/R16B03)',
147 verbose headers   'content-type': 'application/json',
147 verbose headers   'cache-control': 'max-age=0',
147 verbose headers   'content-length': '51',
147 verbose headers   'accept-ranges': 'bytes',
147 verbose headers   date: 'Thu, 23 Jul 2015 17:28:03 GMT',
147 verbose headers   via: '1.1 varnish',
147 verbose headers   age: '0',
147 verbose headers   connection: 'keep-alive',
147 verbose headers   'x-served-by': 'cache-iad2142-IAD',
147 verbose headers   'x-cache': 'MISS',
147 verbose headers   'x-cache-hits': '0',
147 verbose headers   'x-timer': 'S1437672483.031879,VS0,VE89' }
148 silly get cb [ 404,
148 silly get   { server: 'CouchDB/1.5.0 (Erlang OTP/R16B03)',
148 silly get     'content-type': 'application/json',
148 silly get     'cache-control': 'max-age=0',
148 silly get     'content-length': '51',
148 silly get     'accept-ranges': 'bytes',
148 silly get     date: 'Thu, 23 Jul 2015 17:28:03 GMT',
148 silly get     via: '1.1 varnish',
148 silly get     age: '0',
148 silly get     connection: 'keep-alive',
148 silly get     'x-served-by': 'cache-iad2142-IAD',
148 silly get     'x-cache': 'MISS',
148 silly get     'x-cache-hits': '0',
148 silly get     'x-timer': 'S1437672483.031879,VS0,VE89' } ]
149 verbose stack Error: 404 Not Found: node-cron
149 verbose stack     at CachingRegistryClient.<anonymous> (/usr/local/lib/node_modules/npm/node_modules/npm-registry-client/lib/request.js:245:14)
149 verbose stack     at Request._callback (/usr/local/lib/node_modules/npm/node_modules/npm-registry-client/lib/request.js:170:14)
149 verbose stack     at Request.self.callback (/usr/local/lib/node_modules/npm/node_modules/request/request.js:354:22)
149 verbose stack     at Request.emit (events.js:110:17)
149 verbose stack     at Request.<anonymous> (/usr/local/lib/node_modules/npm/node_modules/request/request.js:1207:14)
149 verbose stack     at Request.emit (events.js:129:20)
149 verbose stack     at IncomingMessage.<anonymous> (/usr/local/lib/node_modules/npm/node_modules/request/request.js:1153:12)
149 verbose stack     at IncomingMessage.emit (events.js:129:20)
149 verbose stack     at _stream_readable.js:908:16
149 verbose stack     at process._tickCallback (node.js:355:11)
150 verbose statusCode 404
151 verbose pkgid node-cron
152 verbose cwd /Users/Colin/proj4
153 error Darwin 14.3.0
154 error argv "node" "/usr/local/bin/npm" "install" "node-cron" "--save"
155 error node v0.12.2
156 error npm  v2.11.3
157 error code E404
158 error 404 Not Found: node-cron
158 error 404
158 error 404 'node-cron' is not in the npm registry.
158 error 404 You should bug the author to publish it (or use the name yourself!)
158 error 404 It was specified as a dependency of 'proj4'
158 error 404
158 error 404 Note that you can also install from a
158 error 404 tarball, folder, http url, or git url.
159 verbose exit [ 1, true ]
